2026-06-26 00:10:05,123 - INFO - === Processing AAPL ===
2026-06-26 00:10:05,124 - INFO - Fetching AAPL OHLCV data from 2026-05-27 to 2026-06-26
2026-06-26 00:10:06,211 - INFO - Fetched 21 trading days for AAPL
2026-06-26 00:10:06,222 - ERROR - Error storing OHLCV for AAPL on 2026-05-27 00:00:00: float() argument must be a string or a real number, not 'Series'
2026-06-26 00:10:06,224 - ERROR - Error storing OHLCV for AAPL on 2026-05-28 00:00:00: float() argument must be a string or a real number, not 'Series'
2026-06-26 00:10:06,225 - ERROR - Error storing OHLCV for AAPL on 2026-05-29 00:00:00: float() argument must be a string or a real number, not 'Series'
2026-06-26 00:10:06,226 - ERROR - Error storing OHLCV for AAPL on 2026-06-01 00:00:00: float() argument must be a string or a real number, not 'Series'
2026-06-26 00:10:06,227 - ERROR - Error storing OHLCV for AAPL on 2026-06-02 00:00:00: float() argument must be a string or a real number, not 'Series'
2026-06-26 00:10:06,229 - ERROR - Error storing OHLCV for AAPL on 2026-06-03 00:00:00: float() argument must be a string or a real number, not 'Series'
2026-06-26 00:10:06,230 - ERROR - Error storing OHLCV for AAPL on 2026-06-04 00:00:00: float() argument must be a string or a real number, not 'Series'
2026-06-26 00:10:06,231 - ERROR - Error storing OHLCV for AAPL on 2026-06-05 00:00:00: float() argument must be a string or a real number, not 'Series'
2026-06-26 00:10:06,232 - ERROR - Error storing OHLCV for AAPL on 2026-06-08 00:00:00: float() argument must be a string or a real number, not 'Series'
2026-06-26 00:10:06,233 - ERROR - Error storing OHLCV for AAPL on 2026-06-09 00:00:00: float() argument must be a string or a real number, not 'Series'
2026-06-26 00:10:06,234 - ERROR - Error storing OHLCV for AAPL on 2026-06-10 00:00:00: float() argument must be a string or a real number, not 'Series'
2026-06-26 00:10:06,235 - ERROR - Error storing OHLCV for AAPL on 2026-06-11 00:00:00: float() argument must be a string or a real number, not 'Series'
2026-06-26 00:10:06,236 - ERROR - Error storing OHLCV for AAPL on 2026-06-12 00:00:00: float() argument must be a string or a real number, not 'Series'
2026-06-26 00:10:06,237 - ERROR - Error storing OHLCV for AAPL on 2026-06-15 00:00:00: float() argument must be a string or a real number, not 'Series'
2026-06-26 00:10:06,238 - ERROR - Error storing OHLCV for AAPL on 2026-06-16 00:00:00: float() argument must be a string or a real number, not 'Series'
2026-06-26 00:10:06,239 - ERROR - Error storing OHLCV for AAPL on 2026-06-17 00:00:00: float() argument must be a string or a real number, not 'Series'
2026-06-26 00:10:06,240 - ERROR - Error storing OHLCV for AAPL on 2026-06-18 00:00:00: float() argument must be a string or a real number, not 'Series'
2026-06-26 00:10:06,241 - ERROR - Error storing OHLCV for AAPL on 2026-06-22 00:00:00: float() argument must be a string or a real number, not 'Series'
2026-06-26 00:10:06,242 - ERROR - Error storing OHLCV for AAPL on 2026-06-23 00:00:00: float() argument must be a string or a real number, not 'Series'
2026-06-26 00:10:06,243 - ERROR - Error storing OHLCV for AAPL on 2026-06-24 00:00:00: float() argument must be a string or a real number, not 'Series'
2026-06-26 00:10:06,244 - ERROR - Error storing OHLCV for AAPL on 2026-06-25 00:00:00: float() argument must be a string or a real number, not 'Series'
2026-06-26 00:10:06,245 - INFO - Stored 0 OHLCV records for AAPL, skipped 0
2026-06-26 00:10:06,245 - INFO - Completed AAPL

2026-06-26 00:10:06,245 - INFO - === Processing GOOGL ===
2026-06-26 00:10:06,245 - INFO - Fetching GOOGL OHLCV data from 2026-05-27 to 2026-06-26
2026-06-26 00:10:06,540 - INFO - Fetched 21 trading days for GOOGL
2026-06-26 00:10:06,542 - ERROR - Error storing OHLCV for GOOGL on 2026-05-27 00:00:00: float() argument must be a string or a real number, not 'Series'
2026-06-26 00:10:06,543 - ERROR - Error storing OHLCV for GOOGL on 2026-05-28 00:00:00: float() argument must be a string or a real number, not 'Series'
2026-06-26 00:10:06,544 - ERROR - Error storing OHLCV for GOOGL on 2026-05-29 00:00:00: float() argument must be a string or a real number, not 'Series'
2026-06-26 00:10:06,545 - ERROR - Error storing OHLCV for GOOGL on 2026-06-01 00:00:00: float() argument must be a string or a real number, not 'Series'
2026-06-26 00:10:06,546 - ERROR - Error storing OHLCV for GOOGL on 2026-06-02 00:00:00: float() argument must be a string or a real number, not 'Series'
2026-06-26 00:10:06,548 - ERROR - Error storing OHLCV for GOOGL on 2026-06-03 00:00:00: float() argument must be a string or a real number, not 'Series'
2026-06-26 00:10:06,548 - ERROR - Error storing OHLCV for GOOGL on 2026-06-04 00:00:00: float() argument must be a string or a real number, not 'Series'
2026-06-26 00:10:06,549 - ERROR - Error storing OHLCV for GOOGL on 2026-06-05 00:00:00: float() argument must be a string or a real number, not 'Series'
2026-06-26 00:10:06,550 - ERROR - Error storing OHLCV for GOOGL on 2026-06-08 00:00:00: float() argument must be a string or a real number, not 'Series'
2026-06-26 00:10:06,551 - ERROR - Error storing OHLCV for GOOGL on 2026-06-09 00:00:00: float() argument must be a string or a real number, not 'Series'
2026-06-26 00:10:06,552 - ERROR - Error storing OHLCV for GOOGL on 2026-06-10 00:00:00: float() argument must be a string or a real number, not 'Series'
2026-06-26 00:10:06,553 - ERROR - Error storing OHLCV for GOOGL on 2026-06-11 00:00:00: float() argument must be a string or a real number, not 'Series'
2026-06-26 00:10:06,554 - ERROR - Error storing OHLCV for GOOGL on 2026-06-12 00:00:00: float() argument must be a string or a real number, not 'Series'
2026-06-26 00:10:06,555 - ERROR - Error storing OHLCV for GOOGL on 2026-06-15 00:00:00: float() argument must be a string or a real number, not 'Series'
2026-06-26 00:10:06,556 - ERROR - Error storing OHLCV for GOOGL on 2026-06-16 00:00:00: float() argument must be a string or a real number, not 'Series'
2026-06-26 00:10:06,557 - ERROR - Error storing OHLCV for GOOGL on 2026-06-17 00:00:00: float() argument must be a string or a real number, not 'Series'
2026-06-26 00:10:06,558 - ERROR - Error storing OHLCV for GOOGL on 2026-06-18 00:00:00: float() argument must be a string or a real number, not 'Series'
2026-06-26 00:10:06,559 - ERROR - Error storing OHLCV for GOOGL on 2026-06-22 00:00:00: float() argument must be a string or a real number, not 'Series'
2026-06-26 00:10:06,561 - ERROR - Error storing OHLCV for GOOGL on 2026-06-23 00:00:00: float() argument must be a string or a real number, not 'Series'
2026-06-26 00:10:06,563 - ERROR - Error storing OHLCV for GOOGL on 2026-06-24 00:00:00: float() argument must be a string or a real number, not 'Series'
2026-06-26 00:10:06,564 - ERROR - Error storing OHLCV for GOOGL on 2026-06-25 00:00:00: float() argument must be a string or a real number, not 'Series'
2026-06-26 00:10:06,565 - INFO - Stored 0 OHLCV records for GOOGL, skipped 0
2026-06-26 00:10:06,565 - INFO - Completed GOOGL

2026-06-26 00:10:06,565 - INFO - === Processing MSFT ===
2026-06-26 00:10:06,565 - INFO - Fetching MSFT OHLCV data from 2026-05-27 to 2026-06-26
2026-06-26 00:10:06,895 - INFO - Fetched 21 trading days for MSFT
2026-06-26 00:10:06,899 - ERROR - Error storing OHLCV for MSFT on 2026-05-27 00:00:00: float() argument must be a string or a real number, not 'Series'
2026-06-26 00:10:06,901 - ERROR - Error storing OHLCV for MSFT on 2026-05-28 00:00:00: float() argument must be a string or a real number, not 'Series'
2026-06-26 00:10:06,902 - ERROR - Error storing OHLCV for MSFT on 2026-05-29 00:00:00: float() argument must be a string or a real number, not 'Series'
2026-06-26 00:10:06,904 - ERROR - Error storing OHLCV for MSFT on 2026-06-01 00:00:00: float() argument must be a string or a real number, not 'Series'
2026-06-26 00:10:06,906 - ERROR - Error storing OHLCV for MSFT on 2026-06-02 00:00:00: float() argument must be a string or a real number, not 'Series'
2026-06-26 00:10:06,908 - ERROR - Error storing OHLCV for MSFT on 2026-06-03 00:00:00: float() argument must be a string or a real number, not 'Series'
2026-06-26 00:10:06,910 - ERROR - Error storing OHLCV for MSFT on 2026-06-04 00:00:00: float() argument must be a string or a real number, not 'Series'
2026-06-26 00:10:06,911 - ERROR - Error storing OHLCV for MSFT on 2026-06-05 00:00:00: float() argument must be a string or a real number, not 'Series'
2026-06-26 00:10:06,912 - ERROR - Error storing OHLCV for MSFT on 2026-06-08 00:00:00: float() argument must be a string or a real number, not 'Series'
2026-06-26 00:10:06,913 - ERROR - Error storing OHLCV for MSFT on 2026-06-09 00:00:00: float() argument must be a string or a real number, not 'Series'
2026-06-26 00:10:06,914 - ERROR - Error storing OHLCV for MSFT on 2026-06-10 00:00:00: float() argument must be a string or a real number, not 'Series'
2026-06-26 00:10:06,915 - ERROR - Error storing OHLCV for MSFT on 2026-06-11 00:00:00: float() argument must be a string or a real number, not 'Series'
2026-06-26 00:10:06,916 - ERROR - Error storing OHLCV for MSFT on 2026-06-12 00:00:00: float() argument must be a string or a real number, not 'Series'
2026-06-26 00:10:06,917 - ERROR - Error storing OHLCV for MSFT on 2026-06-15 00:00:00: float() argument must be a string or a real number, not 'Series'
2026-06-26 00:10:06,917 - ERROR - Error storing OHLCV for MSFT on 2026-06-16 00:00:00: float() argument must be a string or a real number, not 'Series'
2026-06-26 00:10:06,919 - ERROR - Error storing OHLCV for MSFT on 2026-06-17 00:00:00: float() argument must be a string or a real number, not 'Series'
2026-06-26 00:10:06,919 - ERROR - Error storing OHLCV for MSFT on 2026-06-18 00:00:00: float() argument must be a string or a real number, not 'Series'
2026-06-26 00:10:06,921 - ERROR - Error storing OHLCV for MSFT on 2026-06-22 00:00:00: float() argument must be a string or a real number, not 'Series'
2026-06-26 00:10:06,922 - ERROR - Error storing OHLCV for MSFT on 2026-06-23 00:00:00: float() argument must be a string or a real number, not 'Series'
2026-06-26 00:10:06,923 - ERROR - Error storing OHLCV for MSFT on 2026-06-24 00:00:00: float() argument must be a string or a real number, not 'Series'
2026-06-26 00:10:06,924 - ERROR - Error storing OHLCV for MSFT on 2026-06-25 00:00:00: float() argument must be a string or a real number, not 'Series'
2026-06-26 00:10:06,924 - INFO - Stored 0 OHLCV records for MSFT, skipped 0
2026-06-26 00:10:06,924 - INFO - Completed MSFT

2026-06-26 00:10:06,924 - INFO - === Processing TSLA ===
2026-06-26 00:10:06,924 - INFO - Fetching TSLA OHLCV data from 2026-05-27 to 2026-06-26
2026-06-26 00:10:07,201 - INFO - Fetched 21 trading days for TSLA
2026-06-26 00:10:07,204 - ERROR - Error storing OHLCV for TSLA on 2026-05-27 00:00:00: float() argument must be a string or a real number, not 'Series'
2026-06-26 00:10:07,206 - ERROR - Error storing OHLCV for TSLA on 2026-05-28 00:00:00: float() argument must be a string or a real number, not 'Series'
2026-06-26 00:10:07,208 - ERROR - Error storing OHLCV for TSLA on 2026-05-29 00:00:00: float() argument must be a string or a real number, not 'Series'
2026-06-26 00:10:07,209 - ERROR - Error storing OHLCV for TSLA on 2026-06-01 00:00:00: float() argument must be a string or a real number, not 'Series'
2026-06-26 00:10:07,210 - ERROR - Error storing OHLCV for TSLA on 2026-06-02 00:00:00: float() argument must be a string or a real number, not 'Series'
2026-06-26 00:10:07,211 - ERROR - Error storing OHLCV for TSLA on 2026-06-03 00:00:00: float() argument must be a string or a real number, not 'Series'
2026-06-26 00:10:07,212 - ERROR - Error storing OHLCV for TSLA on 2026-06-04 00:00:00: float() argument must be a string or a real number, not 'Series'
2026-06-26 00:10:07,213 - ERROR - Error storing OHLCV for TSLA on 2026-06-05 00:00:00: float() argument must be a string or a real number, not 'Series'
2026-06-26 00:10:07,215 - ERROR - Error storing OHLCV for TSLA on 2026-06-08 00:00:00: float() argument must be a string or a real number, not 'Series'
2026-06-26 00:10:07,217 - ERROR - Error storing OHLCV for TSLA on 2026-06-09 00:00:00: float() argument must be a string or a real number, not 'Series'
2026-06-26 00:10:07,219 - ERROR - Error storing OHLCV for TSLA on 2026-06-10 00:00:00: float() argument must be a string or a real number, not 'Series'
2026-06-26 00:10:07,220 - ERROR - Error storing OHLCV for TSLA on 2026-06-11 00:00:00: float() argument must be a string or a real number, not 'Series'
2026-06-26 00:10:07,221 - ERROR - Error storing OHLCV for TSLA on 2026-06-12 00:00:00: float() argument must be a string or a real number, not 'Series'
2026-06-26 00:10:07,222 - ERROR - Error storing OHLCV for TSLA on 2026-06-15 00:00:00: float() argument must be a string or a real number, not 'Series'
2026-06-26 00:10:07,223 - ERROR - Error storing OHLCV for TSLA on 2026-06-16 00:00:00: float() argument must be a string or a real number, not 'Series'
2026-06-26 00:10:07,224 - ERROR - Error storing OHLCV for TSLA on 2026-06-17 00:00:00: float() argument must be a string or a real number, not 'Series'
2026-06-26 00:10:07,225 - ERROR - Error storing OHLCV for TSLA on 2026-06-18 00:00:00: float() argument must be a string or a real number, not 'Series'
2026-06-26 00:10:07,226 - ERROR - Error storing OHLCV for TSLA on 2026-06-22 00:00:00: float() argument must be a string or a real number, not 'Series'
2026-06-26 00:10:07,228 - ERROR - Error storing OHLCV for TSLA on 2026-06-23 00:00:00: float() argument must be a string or a real number, not 'Series'
2026-06-26 00:10:07,228 - ERROR - Error storing OHLCV for TSLA on 2026-06-24 00:00:00: float() argument must be a string or a real number, not 'Series'
2026-06-26 00:10:07,230 - ERROR - Error storing OHLCV for TSLA on 2026-06-25 00:00:00: float() argument must be a string or a real number, not 'Series'
2026-06-26 00:10:07,230 - INFO - Stored 0 OHLCV records for TSLA, skipped 0
2026-06-26 00:10:07,230 - INFO - Completed TSLA

2026-06-26 00:10:07,230 - INFO - === Processing META ===
2026-06-26 00:10:07,231 - INFO - Fetching META OHLCV data from 2026-05-27 to 2026-06-26
2026-06-26 00:10:07,556 - INFO - Fetched 21 trading days for META
2026-06-26 00:10:07,558 - ERROR - Error storing OHLCV for META on 2026-05-27 00:00:00: float() argument must be a string or a real number, not 'Series'
2026-06-26 00:10:07,559 - ERROR - Error storing OHLCV for META on 2026-05-28 00:00:00: float() argument must be a string or a real number, not 'Series'
2026-06-26 00:10:07,561 - ERROR - Error storing OHLCV for META on 2026-05-29 00:00:00: float() argument must be a string or a real number, not 'Series'
2026-06-26 00:10:07,563 - ERROR - Error storing OHLCV for META on 2026-06-01 00:00:00: float() argument must be a string or a real number, not 'Series'
2026-06-26 00:10:07,565 - ERROR - Error storing OHLCV for META on 2026-06-02 00:00:00: float() argument must be a string or a real number, not 'Series'
2026-06-26 00:10:07,566 - ERROR - Error storing OHLCV for META on 2026-06-03 00:00:00: float() argument must be a string or a real number, not 'Series'
2026-06-26 00:10:07,568 - ERROR - Error storing OHLCV for META on 2026-06-04 00:00:00: float() argument must be a string or a real number, not 'Series'
2026-06-26 00:10:07,569 - ERROR - Error storing OHLCV for META on 2026-06-05 00:00:00: float() argument must be a string or a real number, not 'Series'
2026-06-26 00:10:07,570 - ERROR - Error storing OHLCV for META on 2026-06-08 00:00:00: float() argument must be a string or a real number, not 'Series'
2026-06-26 00:10:07,571 - ERROR - Error storing OHLCV for META on 2026-06-09 00:00:00: float() argument must be a string or a real number, not 'Series'
2026-06-26 00:10:07,572 - ERROR - Error storing OHLCV for META on 2026-06-10 00:00:00: float() argument must be a string or a real number, not 'Series'
2026-06-26 00:10:07,573 - ERROR - Error storing OHLCV for META on 2026-06-11 00:00:00: float() argument must be a string or a real number, not 'Series'
2026-06-26 00:10:07,573 - ERROR - Error storing OHLCV for META on 2026-06-12 00:00:00: float() argument must be a string or a real number, not 'Series'
2026-06-26 00:10:07,574 - ERROR - Error storing OHLCV for META on 2026-06-15 00:00:00: float() argument must be a string or a real number, not 'Series'
2026-06-26 00:10:07,575 - ERROR - Error storing OHLCV for META on 2026-06-16 00:00:00: float() argument must be a string or a real number, not 'Series'
2026-06-26 00:10:07,576 - ERROR - Error storing OHLCV for META on 2026-06-17 00:00:00: float() argument must be a string or a real number, not 'Series'
2026-06-26 00:10:07,577 - ERROR - Error storing OHLCV for META on 2026-06-18 00:00:00: float() argument must be a string or a real number, not 'Series'
2026-06-26 00:10:07,578 - ERROR - Error storing OHLCV for META on 2026-06-22 00:00:00: float() argument must be a string or a real number, not 'Series'
2026-06-26 00:10:07,580 - ERROR - Error storing OHLCV for META on 2026-06-23 00:00:00: float() argument must be a string or a real number, not 'Series'
2026-06-26 00:10:07,581 - ERROR - Error storing OHLCV for META on 2026-06-24 00:00:00: float() argument must be a string or a real number, not 'Series'
2026-06-26 00:10:07,582 - ERROR - Error storing OHLCV for META on 2026-06-25 00:00:00: float() argument must be a string or a real number, not 'Series'
2026-06-26 00:10:07,583 - INFO - Stored 0 OHLCV records for META, skipped 0
2026-06-26 00:10:07,583 - INFO - Completed META

2026-06-26 00:10:07,583 - INFO - OHLCV fetch completed
2026-06-26 00:13:58,237 - INFO - === Processing AAPL ===
2026-06-26 00:13:58,238 - INFO - Fetching AAPL OHLCV data from 2026-05-27 to 2026-06-26
2026-06-26 00:13:59,165 - INFO - Fetched 21 trading days for AAPL
2026-06-26 00:13:59,204 - INFO - Stored 21 OHLCV records for AAPL, skipped 0
2026-06-26 00:13:59,205 - INFO - Completed AAPL

2026-06-26 00:13:59,205 - INFO - === Processing GOOGL ===
2026-06-26 00:13:59,205 - INFO - Fetching GOOGL OHLCV data from 2026-05-27 to 2026-06-26
2026-06-26 00:13:59,346 - INFO - Fetched 21 trading days for GOOGL
2026-06-26 00:13:59,381 - INFO - Stored 21 OHLCV records for GOOGL, skipped 0
2026-06-26 00:13:59,381 - INFO - Completed GOOGL

2026-06-26 00:13:59,381 - INFO - === Processing MSFT ===
2026-06-26 00:13:59,381 - INFO - Fetching MSFT OHLCV data from 2026-05-27 to 2026-06-26
2026-06-26 00:13:59,543 - INFO - Fetched 21 trading days for MSFT
2026-06-26 00:13:59,571 - INFO - Stored 21 OHLCV records for MSFT, skipped 0
2026-06-26 00:13:59,571 - INFO - Completed MSFT

2026-06-26 00:13:59,572 - INFO - === Processing TSLA ===
2026-06-26 00:13:59,572 - INFO - Fetching TSLA OHLCV data from 2026-05-27 to 2026-06-26
2026-06-26 00:13:59,718 - INFO - Fetched 21 trading days for TSLA
2026-06-26 00:13:59,751 - INFO - Stored 21 OHLCV records for TSLA, skipped 0
2026-06-26 00:13:59,752 - INFO - Completed TSLA

2026-06-26 00:13:59,752 - INFO - === Processing META ===
2026-06-26 00:13:59,752 - INFO - Fetching META OHLCV data from 2026-05-27 to 2026-06-26
2026-06-26 00:13:59,898 - INFO - Fetched 21 trading days for META
2026-06-26 00:13:59,932 - INFO - Stored 21 OHLCV records for META, skipped 0
2026-06-26 00:13:59,932 - INFO - Completed META

2026-06-26 00:13:59,933 - INFO - OHLCV fetch completed
