2026-06-26 00:09:07,268 - INFO - === Processing AAPL ===
2026-06-26 00:09:07,269 - INFO - Fetching NewsAPI articles for AAPL
2026-06-26 00:09:09,771 - INFO - Fetched 43 articles for AAPL
2026-06-26 00:09:09,773 - INFO - Fetching Finnhub news for AAPL
2026-06-26 00:09:10,403 - INFO - Fetched 62 news items for AAPL
2026-06-26 00:09:10,484 - INFO - Stored 62 new articles, skipped 0 duplicates
2026-06-26 00:09:10,484 - INFO - Completed AAPL

2026-06-26 00:09:10,485 - INFO - === Processing GOOGL ===
2026-06-26 00:09:10,485 - INFO - Fetching NewsAPI articles for GOOGL
2026-06-26 00:09:13,429 - INFO - Fetched 71 articles for GOOGL
2026-06-26 00:09:13,431 - INFO - Fetching Finnhub news for GOOGL
2026-06-26 00:09:14,143 - INFO - Fetched 68 news items for GOOGL
2026-06-26 00:09:14,214 - INFO - Stored 62 new articles, skipped 7 duplicates
2026-06-26 00:09:14,214 - INFO - Completed GOOGL

2026-06-26 00:09:14,214 - INFO - === Processing MSFT ===
2026-06-26 00:09:14,215 - INFO - Fetching NewsAPI articles for MSFT
2026-06-26 00:09:18,142 - INFO - Fetched 72 articles for MSFT
2026-06-26 00:09:18,144 - INFO - Fetching Finnhub news for MSFT
2026-06-26 00:09:18,779 - INFO - Fetched 61 news items for MSFT
2026-06-26 00:09:18,850 - INFO - Stored 40 new articles, skipped 21 duplicates
2026-06-26 00:09:18,850 - INFO - Completed MSFT

2026-06-26 00:09:18,850 - INFO - News fetch completed
